#
# A fatal error has been detected by the Java Runtime Environment:
#
#  EXCEPTION_ACCESS_VIOLATION (0xc0000005) at pc=0x00000000679a8f19, pid=7436, tid=6644
#
# JRE version: 7.0_07-b11
# Java VM: Java HotSpot(TM) 64-Bit Server VM (23.3-b01 mixed mode windows-amd64 compressed oops)
# Problematic frame:
# V  [jvm.dll+0x38f19]
#
# Failed to write core dump. Minidumps are not enabled by default on client versions of Windows
#
# If you would like to submit a bug report, please visit:
#   http://bugreport.sun.com/bugreport/crash.jsp
#

---------------  T H R E A D  ---------------

Current thread (0x000000000b6a2800):  JavaThread "JDWP Transport Listener: dt_socket" daemon [_thread_in_vm, id=6644, stack(0x000000000d520000,0x000000000d620000)]

siginfo: ExceptionCode=0xc0000005, reading address 0x000000000000000c

Registers:
RAX=0x000000000000000c, RBX=0x000000000b6a2800, RCX=0x0000000000000003, RDX=0x0000000000000000
RSP=0x000000000d61f420, RBP=0x000000000000000c, RSI=0x0000000000000000, RDI=0x0000000000000010
R8 =0x00000007d71f9e90, R9 =0x0000000000000000, R10=0x0000000000000000, R11=0x0000000000000001
R12=0x0000000000000000, R13=0x0000000000000000, R14=0x0000000000000000, R15=0x0000000000000000
RIP=0x00000000679a8f19, EFLAGS=0x0000000000010246

Top of Stack: (sp=0x000000000d61f420)
0x000000000d61f420:   000000000b6a2800 0000000000000000
0x000000000d61f430:   0000000000000000 000000000b6a2800
0x000000000d61f440:   0000000000000000 0000000067a676b4
0x000000000d61f450:   00000007d71f9e90 000000000d61f570
0x000000000d61f460:   000000000e1c37a0 000000000d61f540
0x000000000d61f470:   000000000b6a2800 0000000000000000
0x000000000d61f480:   000000000e1c37a0 000000000d61f570
0x000000000d61f490:   0000000000000000 0000000000000000
0x000000000d61f4a0:   000000000b6a29d8 000000006a167d15
0x000000000d61f4b0:   000000000d61f540 000000000d61f570
0x000000000d61f4c0:   000000000e1c37a0 000000000b6a29d8
0x000000000d61f4d0:   0000000010f1200a 000000006a16f09c
0x000000000d61f4e0:   0000000067010a01 000000000d61f5e0
0x000000000d61f4f0:   000000000b695001 000000000b695001
0x000000000d61f500:   0000182200000013 0000000067010a00
0x000000000d61f510:   00000000021afcf0 0000000000000000 

Instructions: (pc=0x00000000679a8f19)
0x00000000679a8ef9:   d2 48 8b c5 eb 18 48 8b d0 48 8b c5 48 d3 e2 48
0x00000000679a8f09:   03 15 01 16 62 00 eb 06 48 8b 12 48 8b c7 48 98
0x00000000679a8f19:   8b 14 10 85 d2 74 2a 45 84 db 4c 63 c6 48 0f 45
0x00000000679a8f29:   fd 8d 47 0b 48 63 c8 48 83 e1 f8 48 c1 e9 03 8d 


Register to memory mapping:

RAX=0x000000000000000c is an unknown value
RBX=0x000000000b6a2800 is a thread
RCX=0x0000000000000003 is an unknown value
RDX=0x0000000000000000 is an unknown value
RSP=0x000000000d61f420 is pointing into the stack for thread: 0x000000000b6a2800
RBP=0x000000000000000c is an unknown value
RSI=0x0000000000000000 is an unknown value
RDI=0x0000000000000010 is an unknown value
R8 =0x00000007d71f9e90 is an oop
java.lang.String 
 - klass: 'java/lang/String'
R9 =0x0000000000000000 is an unknown value
R10=0x0000000000000000 is an unknown value
R11=0x0000000000000001 is an unknown value
R12=0x0000000000000000 is an unknown value
R13=0x0000000000000000 is an unknown value
R14=0x0000000000000000 is an unknown value
R15=0x0000000000000000 is an unknown value


Stack: [0x000000000d520000,0x000000000d620000],  sp=0x000000000d61f420,  free space=1021k
Native frames: (J=compiled Java code, j=interpreted, Vv=VM code, C=native code)
V  [jvm.dll+0x38f19]


---------------  P R O C E S S  ---------------

Java Threads: ( => current thread )
  0x000000000eaa0000 JavaThread "Abandoned connection cleanup thread" daemon [_thread_blocked, id=5664, stack(0x0000000010130000,0x0000000010230000)]
  0x000000000e20f800 JavaThread "ReaderThread" [_thread_in_native, id=5528, stack(0x000000000efc0000,0x000000000f0c0000)]
  0x000000000b6c5000 JavaThread "Service Thread" daemon [_thread_blocked, id=3816, stack(0x000000000dfb0000,0x000000000e0b0000)]
  0x000000000b6c3800 JavaThread "C2 CompilerThread1" daemon [_thread_blocked, id=7652, stack(0x000000000ddc0000,0x000000000dec0000)]
  0x000000000b6c0000 JavaThread "C2 CompilerThread0" daemon [_thread_blocked, id=7208, stack(0x000000000dc70000,0x000000000dd70000)]
  0x000000000b6b1800 JavaThread "JDWP Command Reader" daemon [_thread_in_native, id=4180, stack(0x000000000da50000,0x000000000db50000)]
  0x000000000b6b0000 JavaThread "JDWP Event Helper Thread" daemon [_thread_blocked, id=6152, stack(0x000000000d7e0000,0x000000000d8e0000)]
=>0x000000000b6a2800 JavaThread "JDWP Transport Listener: dt_socket" daemon [_thread_in_vm, id=6644, stack(0x000000000d520000,0x000000000d620000)]
  0x000000000b69b000 JavaThread "Attach Listener" daemon [_thread_blocked, id=6416, stack(0x000000000cac0000,0x000000000cbc0000)]
  0x000000000b693800 JavaThread "Signal Dispatcher" daemon [_thread_blocked, id=6960, stack(0x000000000cbe0000,0x000000000cce0000)]
  0x000000000226b800 JavaThread "Finalizer" daemon [_thread_blocked, id=5636, stack(0x000000000c940000,0x000000000ca40000)]
  0x0000000002264800 JavaThread "Reference Handler" daemon [_thread_blocked, id=5352, stack(0x000000000c640000,0x000000000c740000)]
  0x00000000022ef800 JavaThread "main" [_thread_blocked, id=7320, stack(0x00000000022f0000,0x00000000023f0000)]

Other Threads:
  0x000000000b612000 VMThread [stack: 0x000000000c7d0000,0x000000000c8d0000] [id=4708]
  0x000000000e0b8800 WatcherThread [stack: 0x000000000e5a0000,0x000000000e6a0000] [id=7796]

VM state:not at safepoint (normal execution)

VM Mutex/Monitor currently owned by a thread: None

Heap
 PSYoungGen      total 264192K, used 30787K [0x00000007d5c00000, 0x00000007e6ac0000, 0x0000000800000000)
  eden space 256320K, 8% used [0x00000007d5c00000,0x00000007d7260fe8,0x00000007e5650000)
  from space 7872K, 100% used [0x00000007e5fb0000,0x00000007e6760000,0x00000007e6760000)
  to   space 9600K, 0% used [0x00000007e5650000,0x00000007e5650000,0x00000007e5fb0000)
 ParOldGen       total 86528K, used 5930K [0x0000000781400000, 0x0000000786880000, 0x00000007d5c00000)
  object space 86528K, 6% used [0x0000000781400000,0x00000007819ca808,0x0000000786880000)
 PSPermGen       total 27008K, used 26960K [0x000000077c200000, 0x000000077dc60000, 0x0000000781400000)
  object space 27008K, 99% used [0x000000077c200000,0x000000077dc54160,0x000000077dc60000)

Card table byte_map: [0x00000000054b0000,0x00000000058d0000] byte_map_base: 0x00000000018cf000

Polling page: 0x0000000000320000

Code Cache  [0x00000000023f0000, 0x0000000002660000, 0x00000000053f0000)
 total_blobs=773 nmethods=438 adapters=293 free_code_cache=46954Kb largest_free_block=47855680

Compilation events (10 events):
Event: 3.569 Thread 0x000000000b6c0000 nmethod 452 0x00000000025cb650 code [0x00000000025cb7a0, 0x00000000025cc038]
Event: 3.569 Thread 0x000000000b6c0000  453             sun.reflect.UTF8::utf8Length (81 bytes)
Event: 3.572 Thread 0x000000000b6c0000 nmethod 453 0x00000000025d17d0 code [0x00000000025d1920, 0x00000000025d1b98]
Event: 3.572 Thread 0x000000000b6c0000  454   !         org.apache.ibatis.reflection.Reflector::addUniqueMethods (84 bytes)
Event: 3.577 Thread 0x000000000b6c0000 nmethod 454 0x00000000025d4a50 code [0x00000000025d4be0, 0x00000000025d53e8]
Event: 3.577 Thread 0x000000000b6c0000  455             java.lang.Boolean::booleanValue (5 bytes)
Event: 3.577 Thread 0x000000000b6c0000 nmethod 455 0x00000000025ca4d0 code [0x00000000025ca600, 0x00000000025ca658]
Event: 3.577 Thread 0x000000000b6c0000  456             java.util.HashMap::clear (39 bytes)
Event: 3.578 Thread 0x000000000b6c0000 nmethod 456 0x00000000025195d0 code [0x0000000002519700, 0x0000000002519838]
Event: 3.636 Thread 0x000000000b6c3800 nmethod 442 0x0000000002629710 code [0x000000000262a120, 0x00000000026398e8]

GC Heap History (10 events):
Event: 1.466 GC heap before
{Heap before GC invocations=4 (full 0):
 PSYoungGen      total 37888K, used 37868K [0x00000007d5c00000, 0x00000007da600000, 0x0000000800000000)
  eden space 32512K, 100% used [0x00000007d5c00000,0x00000007d7bc0000,0x00000007d7bc0000)
  from space 5376K, 99% used [0x00000007d7bc0000,0x00000007d80fb200,0x00000007d8100000)
  to   space 5376K, 0% used [0x00000007da0c0000,0x00000007da0c0000,0x00000007da600000)
 ParOldGen       total 86528K, used 502K [0x0000000781400000, 0x0000000786880000, 0x00000007d5c00000)
  object space 86528K, 0% used [0x0000000781400000,0x000000078147dbf0,0x0000000786880000)
 PSPermGen       total 22016K, used 21992K [0x000000077c200000, 0x000000077d780000, 0x0000000781400000)
  object space 22016K, 99% used [0x000000077c200000,0x000000077d77a0f0,0x000000077d780000)
Event: 1.472 GC heap after
Heap after GC invocations=4 (full 0):
 PSYoungGen      total 70400K, used 4863K [0x00000007d5c00000, 0x00000007da600000, 0x0000000800000000)
  eden space 65024K, 0% used [0x00000007d5c00000,0x00000007d5c00000,0x00000007d9b80000)
  from space 5376K, 90% used [0x00000007da0c0000,0x00000007da57fda0,0x00000007da600000)
  to   space 5376K, 0% used [0x00000007d9b80000,0x00000007d9b80000,0x00000007da0c0000)
 ParOldGen       total 86528K, used 502K [0x0000000781400000, 0x0000000786880000, 0x00000007d5c00000)
  object space 86528K, 0% used [0x0000000781400000,0x000000078147dbf0,0x0000000786880000)
 PSPermGen       total 22016K, used 21992K [0x000000077c200000, 0x000000077d780000, 0x0000000781400000)
  object space 22016K, 99% used [0x000000077c200000,0x000000077d77a0f0,0x000000077d780000)
}
Event: 1.741 GC heap before
{Heap before GC invocations=5 (full 0):
 PSYoungGen      total 70400K, used 69887K [0x00000007d5c00000, 0x00000007da600000, 0x0000000800000000)
  eden space 65024K, 100% used [0x00000007d5c00000,0x00000007d9b80000,0x00000007d9b80000)
  from space 5376K, 90% used [0x00000007da0c0000,0x00000007da57fda0,0x00000007da600000)
  to   space 5376K, 0% used [0x00000007d9b80000,0x00000007d9b80000,0x00000007da0c0000)
 ParOldGen       total 86528K, used 502K [0x0000000781400000, 0x0000000786880000, 0x00000007d5c00000)
  object space 86528K, 0% used [0x0000000781400000,0x000000078147dbf0,0x0000000786880000)
 PSPermGen       total 22592K, used 22461K [0x000000077c200000, 0x000000077d810000, 0x0000000781400000)
  object space 22592K, 99% used [0x000000077c200000,0x000000077d7ef708,0x000000077d810000)
Event: 1.747 GC heap after
Heap after GC invocations=5 (full 0):
 PSYoungGen      total 70400K, used 5344K [0x00000007d5c00000, 0x00000007de7e0000, 0x0000000800000000)
  eden space 65024K, 0% used [0x00000007d5c00000,0x00000007d5c00000,0x00000007d9b80000)
  from space 5376K, 99% used [0x00000007d9b80000,0x00000007da0b8070,0x00000007da0c0000)
  to   space 6592K, 0% used [0x00000007de170000,0x00000007de170000,0x00000007de7e0000)
 ParOldGen       total 86528K, used 804K [0x0000000781400000, 0x0000000786880000, 0x00000007d5c00000)
  object space 86528K, 0% used [0x0000000781400000,0x00000007814c9308,0x0000000786880000)
 PSPermGen       total 22592K, used 22461K [0x000000077c200000, 0x000000077d810000, 0x0000000781400000)
  object space 22592K, 99% used [0x000000077c200000,0x000000077d7ef708,0x000000077d810000)
}
Event: 1.990 GC heap before
{Heap before GC invocations=6 (full 0):
 PSYoungGen      total 70400K, used 70368K [0x00000007d5c00000, 0x00000007de7e0000, 0x0000000800000000)
  eden space 65024K, 100% used [0x00000007d5c00000,0x00000007d9b80000,0x00000007d9b80000)
  from space 5376K, 99% used [0x00000007d9b80000,0x00000007da0b8070,0x00000007da0c0000)
  to   space 6592K, 0% used [0x00000007de170000,0x00000007de170000,0x00000007de7e0000)
 ParOldGen       total 86528K, used 804K [0x0000000781400000, 0x0000000786880000, 0x00000007d5c00000)
  object space 86528K, 0% used [0x0000000781400000,0x00000007814c9308,0x0000000786880000)
 PSPermGen       total 22784K, used 22719K [0x000000077c200000, 0x000000077d840000, 0x0000000781400000)
  object space 22784K, 99% used [0x000000077c200000,0x000000077d82fca0,0x000000077d840000)
Event: 1.999 GC heap after
Heap after GC invocations=6 (full 0):
 PSYoungGen      total 135616K, used 6560K [0x00000007d5c00000, 0x00000007de9e0000, 0x0000000800000000)
  eden space 129024K, 0% used [0x00000007d5c00000,0x00000007d5c00000,0x00000007dda00000)
  from space 6592K, 99% used [0x00000007de170000,0x00000007de7d8070,0x00000007de7e0000)
  to   space 7616K, 0% used [0x00000007dda00000,0x00000007dda00000,0x00000007de170000)
 ParOldGen       total 86528K, used 1472K [0x0000000781400000, 0x0000000786880000, 0x00000007d5c00000)
  object space 86528K, 1% used [0x0000000781400000,0x0000000781570390,0x0000000786880000)
 PSPermGen       total 22784K, used 22719K [0x000000077c200000, 0x000000077d840000, 0x0000000781400000)
  object space 22784K, 99% used [0x000000077c200000,0x000000077d82fca0,0x000000077d840000)
}
Event: 2.355 GC heap before
{Heap before GC invocations=7 (full 0):
 PSYoungGen      total 135616K, used 135584K [0x00000007d5c00000, 0x00000007de9e0000, 0x0000000800000000)
  eden space 129024K, 100% used [0x00000007d5c00000,0x00000007dda00000,0x00000007dda00000)
  from space 6592K, 99% used [0x00000007de170000,0x00000007de7d8070,0x00000007de7e0000)
  to   space 7616K, 0% used [0x00000007dda00000,0x00000007dda00000,0x00000007de170000)
 ParOldGen       total 86528K, used 1472K [0x0000000781400000, 0x0000000786880000, 0x00000007d5c00000)
  object space 86528K, 1% used [0x0000000781400000,0x0000000781570390,0x0000000786880000)
 PSPermGen       total 23168K, used 23100K [0x000000077c200000, 0x000000077d8a0000, 0x0000000781400000)
  object space 23168K, 99% used [0x000000077c200000,0x000000077d88f0c0,0x000000077d8a0000)
Event: 2.363 GC heap after
Heap after GC invocations=7 (full 0):
 PSYoungGen      total 136640K, used 6528K [0x00000007d5c00000, 0x00000007e6760000, 0x0000000800000000)
  eden space 129024K, 0% used [0x00000007d5c00000,0x00000007d5c00000,0x00000007dda00000)
  from space 7616K, 85% used [0x00000007dda00000,0x00000007de060000,0x00000007de170000)
  to   space 7872K, 0% used [0x00000007e5fb0000,0x00000007e5fb0000,0x00000007e6760000)
 ParOldGen       total 86528K, used 3720K [0x0000000781400000, 0x0000000786880000, 0x00000007d5c00000)
  object space 86528K, 4% used [0x0000000781400000,0x00000007817a20c8,0x0000000786880000)
 PSPermGen       total 23168K, used 23100K [0x000000077c200000, 0x000000077d8a0000, 0x0000000781400000)
  object space 23168K, 99% used [0x000000077c200000,0x000000077d88f0c0,0x000000077d8a0000)
}
Event: 2.902 GC heap before
{Heap before GC invocations=8 (full 0):
 PSYoungGen      total 136640K, used 135552K [0x00000007d5c00000, 0x00000007e6760000, 0x0000000800000000)
  eden space 129024K, 100% used [0x00000007d5c00000,0x00000007dda00000,0x00000007dda00000)
  from space 7616K, 85% used [0x00000007dda00000,0x00000007de060000,0x00000007de170000)
  to   space 7872K, 0% used [0x00000007e5fb0000,0x00000007e5fb0000,0x00000007e6760000)
 ParOldGen       total 86528K, used 3720K [0x0000000781400000, 0x0000000786880000, 0x00000007d5c00000)
  object space 86528K, 4% used [0x0000000781400000,0x00000007817a20c8,0x0000000786880000)
 PSPermGen       total 25856K, used 25749K [0x000000077c200000, 0x000000077db40000, 0x0000000781400000)
  object space 25856K, 99% used [0x000000077c200000,0x000000077db25500,0x000000077db40000)
Event: 2.909 GC heap after
Heap after GC invocations=8 (full 0):
 PSYoungGen      total 264192K, used 7872K [0x00000007d5c00000, 0x00000007e6ac0000, 0x0000000800000000)
  eden space 256320K, 0% used [0x00000007d5c00000,0x00000007d5c00000,0x00000007e5650000)
  from space 7872K, 100% used [0x00000007e5fb0000,0x00000007e6760000,0x00000007e6760000)
  to   space 9600K, 0% used [0x00000007e5650000,0x00000007e5650000,0x00000007e5fb0000)
 ParOldGen       total 86528K, used 5930K [0x0000000781400000, 0x0000000786880000, 0x00000007d5c00000)
  object space 86528K, 6% used [0x0000000781400000,0x00000007819ca808,0x0000000786880000)
 PSPermGen       total 25856K, used 25749K [0x000000077c200000, 0x000000077db40000, 0x0000000781400000)
  object space 25856K, 99% used [0x000000077c200000,0x000000077db25500,0x000000077db40000)
}

Deoptimization events (10 events):
Event: 2.872 Thread 0x00000000022ef800 Uncommon trap -34 fr.pc 0x00000000025a2804
Event: 2.872 Thread 0x00000000022ef800 Uncommon trap -34 fr.pc 0x00000000025a2804
Event: 2.873 Thread 0x00000000022ef800 Uncommon trap -34 fr.pc 0x00000000024c128c
Event: 2.874 Thread 0x00000000022ef800 Uncommon trap -34 fr.pc 0x00000000024c128c
Event: 2.875 Thread 0x00000000022ef800 Uncommon trap -34 fr.pc 0x00000000024c128c
Event: 2.892 Thread 0x00000000022ef800 Uncommon trap -58 fr.pc 0x00000000024d2e40
Event: 2.927 Thread 0x00000000022ef800 Uncommon trap -58 fr.pc 0x0000000002510e94
Event: 2.927 Thread 0x00000000022ef800 Uncommon trap -58 fr.pc 0x0000000002510e94
Event: 2.927 Thread 0x00000000022ef800 Uncommon trap -58 fr.pc 0x0000000002510e94
Event: 2.927 Thread 0x00000000022ef800 Uncommon trap -58 fr.pc 0x0000000002510e94

Internal exceptions (10 events):
Event: 3.056 Thread 0x00000000022ef800 Threw 0x00000007d6dff690 at C:\jdk7u1_64p\jdk7u7\hotspot\src\share\vm\prims\jvm.cpp:1166
Event: 3.057 Thread 0x00000000022ef800 Threw 0x00000007d6e0c5a8 at C:\jdk7u1_64p\jdk7u7\hotspot\src\share\vm\prims\jvm.cpp:1166
Event: 3.057 Thread 0x00000000022ef800 Threw 0x00000007d6e1cfb8 at C:\jdk7u1_64p\jdk7u7\hotspot\src\share\vm\prims\jvm.cpp:1166
Event: 3.062 Thread 0x00000000022ef800 Threw 0x00000007d6e277e0 at C:\jdk7u1_64p\jdk7u7\hotspot\src\share\vm\prims\jvm.cpp:1166
Event: 3.063 Thread 0x00000000022ef800 Threw 0x00000007d6e38fb0 at C:\jdk7u1_64p\jdk7u7\hotspot\src\share\vm\prims\jvm.cpp:1166
Event: 3.083 Thread 0x00000000022ef800 Threw 0x00000007d71230e0 at C:\jdk7u1_64p\jdk7u7\hotspot\src\share\vm\prims\jvm.cpp:1166
Event: 3.084 Thread 0x00000000022ef800 Threw 0x00000007d7180ab0 at C:\jdk7u1_64p\jdk7u7\hotspot\src\share\vm\prims\jvm.cpp:1166
Event: 3.085 Thread 0x00000000022ef800 Threw 0x00000007d718d8f0 at C:\jdk7u1_64p\jdk7u7\hotspot\src\share\vm\prims\jvm.cpp:1166
Event: 3.088 Thread 0x00000000022ef800 Threw 0x00000007d71bc748 at C:\jdk7u1_64p\jdk7u7\hotspot\src\share\vm\prims\jvm.cpp:1166
Event: 3.088 Thread 0x00000000022ef800 Threw 0x00000007d71c0860 at C:\jdk7u1_64p\jdk7u7\hotspot\src\share\vm\prims\jvm.cpp:1166

Events (10 events):
Event: 331.136 Executing VM operation: GetCurrentLocation
Event: 331.136 Executing VM operation: GetCurrentLocation done
Event: 331.136 Executing VM operation: ChangeSingleStep
Event: 331.136 Executing VM operation: ChangeSingleStep done
Event: 331.138 Executing VM operation: ChangeSingleStep
Event: 331.138 Executing VM operation: ChangeSingleStep done
Event: 331.172 Executing VM operation: GetOrSetLocal
Event: 331.173 Executing VM operation: GetOrSetLocal done
Event: 331.312 Executing VM operation: GetOrSetLocal
Event: 331.312 Executing VM operation: GetOrSetLocal done


Dynamic libraries:
0x000000013f7e0000 - 0x000000013f814000 	C:\Program Files\Java\jdk1.7.0_07\bin\javaw.exe
0x0000000077bd0000 - 0x0000000077d79000 	C:\Windows\SYSTEM32\ntdll.dll
0x0000000077ab0000 - 0x0000000077bcf000 	C:\Windows\system32\kernel32.dll
0x000007fefdcf0000 - 0x000007fefdd5b000 	C:\Windows\system32\KERNELBASE.dll
0x000007feffde0000 - 0x000007feffebb000 	C:\Windows\system32\ADVAPI32.dll
0x000007fefea30000 - 0x000007fefeacf000 	C:\Windows\system32\msvcrt.dll
0x000007feffec0000 - 0x000007feffedf000 	C:\Windows\SYSTEM32\sechost.dll
0x000007fefe300000 - 0x000007fefe42d000 	C:\Windows\system32\RPCRT4.dll
0x00000000779b0000 - 0x0000000077aaa000 	C:\Windows\system32\USER32.dll
0x000007fefe600000 - 0x000007fefe667000 	C:\Windows\system32\GDI32.dll
0x000007fefe110000 - 0x000007fefe11e000 	C:\Windows\system32\LPK.dll
0x000007fefe010000 - 0x000007fefe0d9000 	C:\Windows\system32\USP10.dll
0x000007fefc750000 - 0x000007fefc944000 	C:\Windows\WinSxS\amd64_microsoft.windows.common-controls_6595b64144ccf1df_6.0.7601.17514_none_fa396087175ac9ac\COMCTL32.dll
0x000007fefe8d0000 - 0x000007fefe941000 	C:\Windows\system32\SHLWAPI.dll
0x000007fefe0e0000 - 0x000007fefe10e000 	C:\Windows\system32\IMM32.DLL
0x000007fefec50000 - 0x000007fefed59000 	C:\Windows\system32\MSCTF.dll
0x0000000073e30000 - 0x0000000073f01000 	C:\Program Files\Java\jdk1.7.0_07\jre\bin\msvcr100.dll
0x0000000067970000 - 0x000000006808f000 	C:\Program Files\Java\jdk1.7.0_07\jre\bin\server\jvm.dll
0x000007fefa3c0000 - 0x000007fefa3c9000 	C:\Windows\system32\WSOCK32.dll
0x000007fefe950000 - 0x000007fefe99d000 	C:\Windows\system32\WS2_32.dll
0x000007fefea00000 - 0x000007fefea08000 	C:\Windows\system32\NSI.dll
0x000007fefb7f0000 - 0x000007fefb82b000 	C:\Windows\system32\WINMM.dll
0x0000000077d90000 - 0x0000000077d97000 	C:\Windows\system32\PSAPI.DLL
0x0000000073e20000 - 0x0000000073e2f000 	C:\Program Files\Java\jdk1.7.0_07\jre\bin\verify.dll
0x0000000072b90000 - 0x0000000072bb8000 	C:\Program Files\Java\jdk1.7.0_07\jre\bin\java.dll
0x000000006a160000 - 0x000000006a195000 	C:\Program Files\Java\jdk1.7.0_07\jre\bin\jdwp.dll
0x0000000073e10000 - 0x0000000073e18000 	C:\Program Files\Java\jdk1.7.0_07\jre\bin\npt.dll
0x0000000072860000 - 0x0000000072875000 	C:\Program Files\Java\jdk1.7.0_07\jre\bin\zip.dll
0x00000000727f0000 - 0x00000000727f9000 	C:\Program Files\Java\jdk1.7.0_07\jre\bin\dt_socket.dll
0x000007fefb870000 - 0x000007fefb885000 	C:\Windows\system32\NLAapi.dll
0x000007fefab10000 - 0x000007fefab25000 	C:\Windows\system32\napinsp.dll
0x000007fefaaf0000 - 0x000007fefab09000 	C:\Windows\system32\pnrpnsp.dll
0x000007fefd350000 - 0x000007fefd3a5000 	C:\Windows\System32\mswsock.dll
0x000007fefd1d0000 - 0x000007fefd22b000 	C:\Windows\system32\DNSAPI.dll
0x000007fefaae0000 - 0x000007fefaaeb000 	C:\Windows\System32\winrnr.dll
0x000007fefb3e0000 - 0x000007fefb407000 	C:\Windows\system32\IPHLPAPI.DLL
0x000007fefb3d0000 - 0x000007fefb3db000 	C:\Windows\system32\WINNSI.DLL
0x000007fefb290000 - 0x000007fefb2e3000 	C:\Windows\System32\fwpuclnt.dll
0x000007fefaad0000 - 0x000007fefaad8000 	C:\Windows\system32\rasadhlp.dll
0x000007fefcd40000 - 0x000007fefcd47000 	C:\Windows\System32\wshtcpip.dll
0x0000000072840000 - 0x0000000072859000 	C:\Program Files\Java\jdk1.7.0_07\jre\bin\net.dll
0x000007fefd340000 - 0x000007fefd347000 	C:\Windows\System32\wship6.dll
0x0000000072820000 - 0x0000000072831000 	C:\Program Files\Java\jdk1.7.0_07\jre\bin\nio.dll
0x000007fefd3b0000 - 0x000007fefd3c7000 	C:\Windows\system32\CRYPTSP.dll
0x000007fefd0b0000 - 0x000007fefd0f7000 	C:\Windows\system32\rsaenh.dll
0x000007fefce60000 - 0x000007fefce7e000 	C:\Windows\system32\USERENV.dll
0x000007fefdb20000 - 0x000007fefdb2f000 	C:\Windows\system32\profapi.dll
0x000007fefda50000 - 0x000007fefda5f000 	C:\Windows\system32\CRYPTBASE.dll
0x000007fefa4e0000 - 0x000007fefa605000 	C:\Windows\system32\dbghelp.dll

VM Arguments:
jvm_args: -agentlib:jdwp=transport=dt_socket,suspend=y,address=localhost:49307 -Dfile.encoding=UTF-8 
java_command: org.eclipse.jdt.internal.junit.runner.RemoteTestRunner -version 3 -port 49306 -testLoaderClass org.eclipse.jdt.internal.junit4.runner.JUnit4TestLoader -loaderpluginname org.eclipse.jdt.junit4.runtime -classNames org.activiti.engine.test.history.HistoricTaskInstanceTest
Launcher Type: SUN_STANDARD

Environment Variables:
JAVA_HOME=C:\Program Files\Java\jdk1.7.0_07
JRE_HOME=C:\Program Files\Java\jdk1.7.0_07\jre
CLASSPATH=D:\mysql-connector-java-5.0.8.jar;C:\Program Files\Java\jre7\lib
PATH=C:\Program Files\Java\jdk1.7.0_07\jre\bin;C:\ProgramData\Oracle\Java\javapath;C:\Windows\system32;C:\Windows;C:\Windows\System32\Wbem;C:\Windows\System32\WindowsPowerShell\v1.0\;C:\Program Files\Microsoft\Web Platform Installer\;C:\Program Files\Java\jdk1.7.0_07\bin;C:\Program Files\TortoiseSVN\bin;C:\Program Files\Java\jre7;C:\Program Files\Git\cmd;C:\Program Files\nodejs\;C:\Program Files (x86)\Skype\Phone\;C:\ProgramData\Oracle\Java\javapath;C:\Windows\system32;C:\Windows;C:\Windows\System32\Wbem;C:\Windows\System32\WindowsPowerShell\v1.0\;C:\Program Files\Microsoft\Web Platform Installer\;C:\Program Files\Java\jdk1.7.0_07\bin;C:\Program Files\TortoiseSVN\bin;C:\Program Files\Java\jre7;C:\Program Files (x86)\Microsoft VS Code\bin;C:\Users\angela.g\AppData\Roaming\npm;C:\Users\angela.g\Downloads\apache-maven-3.3.9-bin\apache-maven-3.3.9\bin;D:\apache-tomcat-8.5.11\bin;C:\Users\angela.g\AppData\Local\atom\bin
USERNAME=angela.g
OS=Windows_NT
PROCESSOR_IDENTIFIER=Intel64 Family 6 Model 60 Stepping 3, GenuineIntel



---------------  S Y S T E M  ---------------

OS: Windows 7 , 64 bit Build 7601 Service Pack 1

CPU:total 4 (4 cores per cpu, 1 threads per core) family 6 model 60 stepping 3, cmov, cx8, fxsr, mmx, sse, sse2, sse3, ssse3, sse4.1, sse4.2, popcnt, avx, avx2, tsc, tscinvbit

Memory: 4k page, physical 8303564k(3081104k free), swap 16605284k(10225148k free)

vm_info: Java HotSpot(TM) 64-Bit Server VM (23.3-b01) for windows-amd64 JRE (1.7.0_07-b11), built on Sep  7 2012 01:19:25 by "java_re" with unknown MS VC++:1600

time: Tue Apr 04 14:20:15 2017
elapsed time: 331 seconds

